2024-02-22 00:22:21.835  INFO 1 - [       main] c.epam.healenium.Application     : Starting Application v3.4.4 using Java 17.0.10 with PID 1 (/healenium-backend.jar started by root in /) 
2024-02-22 00:22:21.879  INFO 1 - [       main] c.epam.healenium.Application     : No active profile set, falling back to 1 default profile: "default" 
2024-02-22 00:22:23.907  INFO 1 - [       main] .RepositoryConfigurationDelegate : Bootstrapping Spring Data JPA repositories in DEFAULT mode. 
2024-02-22 00:22:24.142  INFO 1 - [       main] .RepositoryConfigurationDelegate : Finished Spring Data repository scanning in 218 ms. Found 4 JPA repository interfaces. 
2024-02-22 00:22:25.053  INFO 1 - [       main] o.s.b.w.e.t.TomcatWebServer      : Tomcat initialized with port 7878 (http) 
2024-02-22 00:22:25.065  INFO 1 - [       main] o.a.c.core.StandardService       : Starting service [Tomcat] 
2024-02-22 00:22:25.066  INFO 1 - [       main] o.a.c.core.StandardEngine        : Starting Servlet engine: [Apache Tomcat/10.1.18] 
2024-02-22 00:22:25.118  INFO 1 - [       main] o.a.c.c.C.[.[localhost].[/]      : Initializing Spring embedded WebApplicationContext 
2024-02-22 00:22:25.119  INFO 1 - [       main] rvletWebServerApplicationContext : Root WebApplicationContext: initialization completed in 3088 ms 
2024-02-22 00:22:25.418  INFO 1 - [       main] c.z.hikari.HikariDataSource      : HikariPool-1 - Starting... 
2024-02-22 00:22:25.609  INFO 1 - [       main] c.z.hikari.HikariDataSource      : HikariPool-1 - Start completed. 
2024-02-22 00:22:25.724  INFO 1 - [       main] liquibase.database               : Set default schema name to healenium 
2024-02-22 00:22:26.281  INFO 1 - [       main] liquibase.changelog              : Creating database history table with name: healenium.databasechangelog 
2024-02-22 00:22:26.310  INFO 1 - [       main] liquibase.changelog              : Reading from healenium.databasechangelog 
2024-02-22 00:22:26.433  INFO 1 - [       main] liquibase.lockservice            : Successfully acquired change log lock 
2024-02-22 00:22:26.435  INFO 1 - [       main] liquibase.command                : Using deploymentId: 8550546435 
2024-02-22 00:22:26.438  INFO 1 - [       main] liquibase.changelog              : Reading from healenium.databasechangelog 
2024-02-22 00:22:26.465  INFO 1 - [       main] liquibase.ui                     : Running Changeset: changelog/001_createSequence.xml::3::nkobzev 
2024-02-22 00:22:26.471  INFO 1 - [       main] liquibase.changelog              : Sequence healing_result_seq created 
2024-02-22 00:22:26.474  INFO 1 - [       main] liquibase.changelog              : ChangeSet changelog/001_createSequence.xml::3::nkobzev ran successfully in 7ms 
2024-02-22 00:22:26.482  INFO 1 - [       main] liquibase.ui                     : Running Changeset: changelog/002_selector.xml::5::nkobzev 
2024-02-22 00:22:26.490  INFO 1 - [       main] liquibase.changelog              : Table SELECTOR created 
2024-02-22 00:22:26.492  INFO 1 - [       main] liquibase.changelog              : ChangeSet changelog/002_selector.xml::5::nkobzev ran successfully in 10ms 
2024-02-22 00:22:26.496  INFO 1 - [       main] liquibase.ui                     : Running Changeset: changelog/002_selector.xml::6::nkobzev 
2024-02-22 00:22:26.525  INFO 1 - [       main] liquibase.changelog              : Index SELECTOR_PK created 
2024-02-22 00:22:26.527  INFO 1 - [       main] liquibase.changelog              : ChangeSet changelog/002_selector.xml::6::nkobzev ran successfully in 30ms 
2024-02-22 00:22:26.532  INFO 1 - [       main] liquibase.ui                     : Running Changeset: changelog/003_healing.xml::7::nkobzev 
2024-02-22 00:22:26.539  INFO 1 - [       main] liquibase.changelog              : Table HEALING created 
2024-02-22 00:22:26.541  INFO 1 - [       main] liquibase.changelog              : ChangeSet changelog/003_healing.xml::7::nkobzev ran successfully in 8ms 
2024-02-22 00:22:26.545  INFO 1 - [       main] liquibase.ui                     : Running Changeset: changelog/003_healing.xml::8::nkobzev 
2024-02-22 00:22:26.563  INFO 1 - [       main] liquibase.changelog              : Index HEALING_PK created 
2024-02-22 00:22:26.569  INFO 1 - [       main] liquibase.changelog              : Foreign key constraint added to HEALING (SELECTOR_ID) 
2024-02-22 00:22:26.573  INFO 1 - [       main] liquibase.changelog              : ChangeSet changelog/003_healing.xml::8::nkobzev ran successfully in 27ms 
2024-02-22 00:22:26.578  INFO 1 - [       main] liquibase.ui                     : Running Changeset: changelog/004_healingResult.xml::9::nkobzev 
2024-02-22 00:22:26.586  INFO 1 - [       main] liquibase.changelog              : Table HEALING_RESULT created 
2024-02-22 00:22:26.588  INFO 1 - [       main] liquibase.changelog              : ChangeSet changelog/004_healingResult.xml::9::nkobzev ran successfully in 8ms 
2024-02-22 00:22:26.592  INFO 1 - [       main] liquibase.ui                     : Running Changeset: changelog/004_healingResult.xml::10::nkobzev 
2024-02-22 00:22:26.614  INFO 1 - [       main] liquibase.changelog              : Index HEALING_RESULT_PK created 
2024-02-22 00:22:26.617  INFO 1 - [       main] liquibase.changelog              : Foreign key constraint added to HEALING_RESULT (HEALING_ID) 
2024-02-22 00:22:26.619  INFO 1 - [       main] liquibase.changelog              : ChangeSet changelog/004_healingResult.xml::10::nkobzev ran successfully in 27ms 
2024-02-22 00:22:26.625  INFO 1 - [       main] liquibase.ui                     : Running Changeset: changelog/005_report.xml::11::nkobzev 
2024-02-22 00:22:26.631  INFO 1 - [       main] liquibase.changelog              : Table REPORT created 
2024-02-22 00:22:26.633  INFO 1 - [       main] liquibase.changelog              : ChangeSet changelog/005_report.xml::11::nkobzev ran successfully in 7ms 
2024-02-22 00:22:26.637  INFO 1 - [       main] liquibase.ui                     : Running Changeset: changelog/005_report.xml::12::nkobzev 
2024-02-22 00:22:26.660  INFO 1 - [       main] liquibase.changelog              : Index REPORT_PK created 
2024-02-22 00:22:26.662  INFO 1 - [       main] liquibase.changelog              : ChangeSet changelog/005_report.xml::12::nkobzev ran successfully in 24ms 
2024-02-22 00:22:26.667  INFO 1 - [       main] liquibase.ui                     : Running Changeset: changelog/006_command_and_healingenable_column.xml::13::nkobzev 
2024-02-22 00:22:26.670  INFO 1 - [       main] liquibase.changelog              : Columns COMMAND(VARCHAR(264)),ENABLE_HEALING(BOOLEAN) added to SELECTOR 
2024-02-22 00:22:26.672  INFO 1 - [       main] liquibase.changelog              : ChangeSet changelog/006_command_and_healingenable_column.xml::13::nkobzev ran successfully in 5ms 
2024-02-22 00:22:26.680  INFO 1 - [       main] liquibase.util                   : UPDATE SUMMARY 
2024-02-22 00:22:26.680  INFO 1 - [       main] liquibase.util                   : Run:                         10 
2024-02-22 00:22:26.681  INFO 1 - [       main] liquibase.util                   : Previously run:               0 
2024-02-22 00:22:26.681  INFO 1 - [       main] liquibase.util                   : Filtered out:                 0 
2024-02-22 00:22:26.681  INFO 1 - [       main] liquibase.util                   : ------------------------------- 
2024-02-22 00:22:26.682  INFO 1 - [       main] liquibase.util                   : Total change sets:           10 
2024-02-22 00:22:26.682  INFO 1 - [       main] liquibase.util                   : Update summary generated 
2024-02-22 00:22:26.684  INFO 1 - [       main] liquibase.command                : Update command completed successfully. 
2024-02-22 00:22:26.685  INFO 1 - [       main] liquibase.ui                     : Liquibase: Update has been successful. Rows affected: 10 
2024-02-22 00:22:26.689  INFO 1 - [       main] liquibase.lockservice            : Successfully released change log lock 
2024-02-22 00:22:26.690  INFO 1 - [       main] liquibase.command                : Command execution complete 
2024-02-22 00:22:26.812  INFO 1 - [       main] o.h.j.internal.util.LogHelper    : HHH000204: Processing PersistenceUnitInfo [name: default] 
2024-02-22 00:22:26.881  INFO 1 - [       main] org.hibernate.Version            : HHH000412: Hibernate ORM core version 6.4.1.Final 
2024-02-22 00:22:26.925  INFO 1 - [       main] o.h.c.i.RegionFactoryInitiator   : HHH000026: Second-level cache disabled 
2024-02-22 00:22:27.209  INFO 1 - [       main] .o.j.p.SpringPersistenceUnitInfo : No LoadTimeWeaver setup: ignoring JPA class transformer 
2024-02-22 00:22:27.243  WARN 1 - [       main] org.hibernate.orm.deprecation    : HHH90000025: PostgreSQLDialect does not need to be specified explicitly using 'hibernate.dialect' (remove the property setting and it will be selected by default) 
2024-02-22 00:22:28.218  WARN 1 - [       main] o.h.m.internal.MetadataContext   : HHH015011: Unable to locate static metamodel field : com.epam.healenium.model.domain.Selector_#nodePathWrapper; this may or may not indicate a problem with the static metamodel 
2024-02-22 00:22:28.228  INFO 1 - [       main] h.e.t.j.p.i.JtaPlatformInitiator : HHH000489: No JTA platform available (set 'hibernate.transaction.jta.platform' to enable JTA platform integration) 
2024-02-22 00:22:28.231  INFO 1 - [       main] ontainerEntityManagerFactoryBean : Initialized JPA EntityManagerFactory for persistence unit 'default' 
2024-02-22 00:22:28.699  INFO 1 - [       main] o.s.d.j.r.q.QueryEnhancerFactory : Hibernate is in classpath; If applicable, HQL parser will be used. 
2024-02-22 00:22:29.387  INFO 1 - [       main] .a.w.s.WelcomePageHandlerMapping : Adding welcome page template: index 
2024-02-22 00:22:30.159  INFO 1 - [       main] .s.b.a.e.w.EndpointLinksResolver : Exposing 1 endpoint(s) beneath base path '/actuator' 
2024-02-22 00:22:30.250  INFO 1 - [       main] o.s.b.w.e.t.TomcatWebServer      : Tomcat started on port 7878 (http) with context path '' 
2024-02-22 00:22:30.368  INFO 1 - [       main] c.epam.healenium.Application     : Started Application in 9.589 seconds (process running for 10.866) 
2024-02-22 00:23:28.486  INFO 1 - [hutdownHook] ontainerEntityManagerFactoryBean : Closing JPA EntityManagerFactory for persistence unit 'default' 
2024-02-22 00:23:28.491  INFO 1 - [hutdownHook] c.z.hikari.HikariDataSource      : HikariPool-1 - Shutdown initiated... 
2024-02-22 00:23:28.497  INFO 1 - [hutdownHook] c.z.hikari.HikariDataSource      : HikariPool-1 - Shutdown completed. 
2024-02-22 00:24:21.170  INFO 1 - [       main] c.epam.healenium.Application     : Starting Application v3.4.4 using Java 17.0.10 with PID 1 (/healenium-backend.jar started by root in /) 
2024-02-22 00:24:21.182  INFO 1 - [       main] c.epam.healenium.Application     : No active profile set, falling back to 1 default profile: "default" 
2024-02-22 00:24:23.072  INFO 1 - [       main] .RepositoryConfigurationDelegate : Bootstrapping Spring Data JPA repositories in DEFAULT mode. 
2024-02-22 00:24:23.299  INFO 1 - [       main] .RepositoryConfigurationDelegate : Finished Spring Data repository scanning in 215 ms. Found 4 JPA repository interfaces. 
2024-02-22 00:24:24.528  INFO 1 - [       main] o.s.b.w.e.t.TomcatWebServer      : Tomcat initialized with port 7878 (http) 
2024-02-22 00:24:24.541  INFO 1 - [       main] o.a.c.core.StandardService       : Starting service [Tomcat] 
2024-02-22 00:24:24.542  INFO 1 - [       main] o.a.c.core.StandardEngine        : Starting Servlet engine: [Apache Tomcat/10.1.18] 
2024-02-22 00:24:24.592  INFO 1 - [       main] o.a.c.c.C.[.[localhost].[/]      : Initializing Spring embedded WebApplicationContext 
2024-02-22 00:24:24.593  INFO 1 - [       main] rvletWebServerApplicationContext : Root WebApplicationContext: initialization completed in 3287 ms 
2024-02-22 00:24:24.913  INFO 1 - [       main] c.z.hikari.HikariDataSource      : HikariPool-1 - Starting... 
2024-02-22 00:24:25.088  INFO 1 - [       main] c.z.hikari.HikariDataSource      : HikariPool-1 - Start completed. 
2024-02-22 00:24:25.198  INFO 1 - [       main] liquibase.database               : Set default schema name to healenium 
2024-02-22 00:24:25.759  INFO 1 - [       main] liquibase.changelog              : Creating database history table with name: healenium.databasechangelog 
2024-02-22 00:24:25.802  INFO 1 - [       main] liquibase.changelog              : Reading from healenium.databasechangelog 
2024-02-22 00:24:25.941  INFO 1 - [       main] liquibase.lockservice            : Successfully acquired change log lock 
2024-02-22 00:24:25.943  INFO 1 - [       main] liquibase.command                : Using deploymentId: 8550665943 
2024-02-22 00:24:25.946  INFO 1 - [       main] liquibase.changelog              : Reading from healenium.databasechangelog 
2024-02-22 00:24:25.977  INFO 1 - [       main] liquibase.ui                     : Running Changeset: changelog/001_createSequence.xml::3::nkobzev 
2024-02-22 00:24:25.984  INFO 1 - [       main] liquibase.changelog              : Sequence healing_result_seq created 
2024-02-22 00:24:25.988  INFO 1 - [       main] liquibase.changelog              : ChangeSet changelog/001_createSequence.xml::3::nkobzev ran successfully in 9ms 
2024-02-22 00:24:25.998  INFO 1 - [       main] liquibase.ui                     : Running Changeset: changelog/002_selector.xml::5::nkobzev 
2024-02-22 00:24:26.008  INFO 1 - [       main] liquibase.changelog              : Table SELECTOR created 
2024-02-22 00:24:26.012  INFO 1 - [       main] liquibase.changelog              : ChangeSet changelog/002_selector.xml::5::nkobzev ran successfully in 13ms 
2024-02-22 00:24:26.017  INFO 1 - [       main] liquibase.ui                     : Running Changeset: changelog/002_selector.xml::6::nkobzev 
2024-02-22 00:24:26.044  INFO 1 - [       main] liquibase.changelog              : Index SELECTOR_PK created 
2024-02-22 00:24:26.047  INFO 1 - [       main] liquibase.changelog              : ChangeSet changelog/002_selector.xml::6::nkobzev ran successfully in 29ms 
2024-02-22 00:24:26.054  INFO 1 - [       main] liquibase.ui                     : Running Changeset: changelog/003_healing.xml::7::nkobzev 
2024-02-22 00:24:26.065  INFO 1 - [       main] liquibase.changelog              : Table HEALING created 
2024-02-22 00:24:26.070  INFO 1 - [       main] liquibase.changelog              : ChangeSet changelog/003_healing.xml::7::nkobzev ran successfully in 15ms 
2024-02-22 00:24:26.077  INFO 1 - [       main] liquibase.ui                     : Running Changeset: changelog/003_healing.xml::8::nkobzev 
2024-02-22 00:24:26.095  INFO 1 - [       main] liquibase.changelog              : Index HEALING_PK created 
2024-02-22 00:24:26.099  INFO 1 - [       main] liquibase.changelog              : Foreign key constraint added to HEALING (SELECTOR_ID) 
2024-02-22 00:24:26.103  INFO 1 - [       main] liquibase.changelog              : ChangeSet changelog/003_healing.xml::8::nkobzev ran successfully in 24ms 
2024-02-22 00:24:26.109  INFO 1 - [       main] liquibase.ui                     : Running Changeset: changelog/004_healingResult.xml::9::nkobzev 
2024-02-22 00:24:26.121  INFO 1 - [       main] liquibase.changelog              : Table HEALING_RESULT created 
2024-02-22 00:24:26.124  INFO 1 - [       main] liquibase.changelog              : ChangeSet changelog/004_healingResult.xml::9::nkobzev ran successfully in 14ms 
2024-02-22 00:24:26.131  INFO 1 - [       main] liquibase.ui                     : Running Changeset: changelog/004_healingResult.xml::10::nkobzev 
2024-02-22 00:24:26.156  INFO 1 - [       main] liquibase.changelog              : Index HEALING_RESULT_PK created 
2024-02-22 00:24:26.159  INFO 1 - [       main] liquibase.changelog              : Foreign key constraint added to HEALING_RESULT (HEALING_ID) 
2024-02-22 00:24:26.163  INFO 1 - [       main] liquibase.changelog              : ChangeSet changelog/004_healingResult.xml::10::nkobzev ran successfully in 31ms 
2024-02-22 00:24:26.169  INFO 1 - [       main] liquibase.ui                     : Running Changeset: changelog/005_report.xml::11::nkobzev 
2024-02-22 00:24:26.176  INFO 1 - [       main] liquibase.changelog              : Table REPORT created 
2024-02-22 00:24:26.179  INFO 1 - [       main] liquibase.changelog              : ChangeSet changelog/005_report.xml::11::nkobzev ran successfully in 10ms 
2024-02-22 00:24:26.184  INFO 1 - [       main] liquibase.ui                     : Running Changeset: changelog/005_report.xml::12::nkobzev 
2024-02-22 00:24:26.203  INFO 1 - [       main] liquibase.changelog              : Index REPORT_PK created 
2024-02-22 00:24:26.206  INFO 1 - [       main] liquibase.changelog              : ChangeSet changelog/005_report.xml::12::nkobzev ran successfully in 22ms 
2024-02-22 00:24:26.210  INFO 1 - [       main] liquibase.ui                     : Running Changeset: changelog/006_command_and_healingenable_column.xml::13::nkobzev 
2024-02-22 00:24:26.213  INFO 1 - [       main] liquibase.changelog              : Columns COMMAND(VARCHAR(264)),ENABLE_HEALING(BOOLEAN) added to SELECTOR 
2024-02-22 00:24:26.215  INFO 1 - [       main] liquibase.changelog              : ChangeSet changelog/006_command_and_healingenable_column.xml::13::nkobzev ran successfully in 4ms 
2024-02-22 00:24:26.222  INFO 1 - [       main] liquibase.util                   : UPDATE SUMMARY 
2024-02-22 00:24:26.222  INFO 1 - [       main] liquibase.util                   : Run:                         10 
2024-02-22 00:24:26.223  INFO 1 - [       main] liquibase.util                   : Previously run:               0 
2024-02-22 00:24:26.223  INFO 1 - [       main] liquibase.util                   : Filtered out:                 0 
2024-02-22 00:24:26.223  INFO 1 - [       main] liquibase.util                   : ------------------------------- 
2024-02-22 00:24:26.224  INFO 1 - [       main] liquibase.util                   : Total change sets:           10 
2024-02-22 00:24:26.224  INFO 1 - [       main] liquibase.util                   : Update summary generated 
2024-02-22 00:24:26.226  INFO 1 - [       main] liquibase.command                : Update command completed successfully. 
2024-02-22 00:24:26.227  INFO 1 - [       main] liquibase.ui                     : Liquibase: Update has been successful. Rows affected: 10 
2024-02-22 00:24:26.231  INFO 1 - [       main] liquibase.lockservice            : Successfully released change log lock 
2024-02-22 00:24:26.232  INFO 1 - [       main] liquibase.command                : Command execution complete 
2024-02-22 00:24:26.355  INFO 1 - [       main] o.h.j.internal.util.LogHelper    : HHH000204: Processing PersistenceUnitInfo [name: default] 
2024-02-22 00:24:26.422  INFO 1 - [       main] org.hibernate.Version            : HHH000412: Hibernate ORM core version 6.4.1.Final 
2024-02-22 00:24:26.469  INFO 1 - [       main] o.h.c.i.RegionFactoryInitiator   : HHH000026: Second-level cache disabled 
2024-02-22 00:24:26.786  INFO 1 - [       main] .o.j.p.SpringPersistenceUnitInfo : No LoadTimeWeaver setup: ignoring JPA class transformer 
2024-02-22 00:24:26.822  WARN 1 - [       main] org.hibernate.orm.deprecation    : HHH90000025: PostgreSQLDialect does not need to be specified explicitly using 'hibernate.dialect' (remove the property setting and it will be selected by default) 
2024-02-22 00:24:27.844  WARN 1 - [       main] o.h.m.internal.MetadataContext   : HHH015011: Unable to locate static metamodel field : com.epam.healenium.model.domain.Selector_#nodePathWrapper; this may or may not indicate a problem with the static metamodel 
2024-02-22 00:24:27.849  INFO 1 - [       main] h.e.t.j.p.i.JtaPlatformInitiator : HHH000489: No JTA platform available (set 'hibernate.transaction.jta.platform' to enable JTA platform integration) 
2024-02-22 00:24:27.854  INFO 1 - [       main] ontainerEntityManagerFactoryBean : Initialized JPA EntityManagerFactory for persistence unit 'default' 
2024-02-22 00:24:28.339  INFO 1 - [       main] o.s.d.j.r.q.QueryEnhancerFactory : Hibernate is in classpath; If applicable, HQL parser will be used. 
2024-02-22 00:24:29.075  INFO 1 - [       main] .a.w.s.WelcomePageHandlerMapping : Adding welcome page template: index 
2024-02-22 00:24:29.797  INFO 1 - [       main] .s.b.a.e.w.EndpointLinksResolver : Exposing 1 endpoint(s) beneath base path '/actuator' 
2024-02-22 00:24:29.884  INFO 1 - [       main] o.s.b.w.e.t.TomcatWebServer      : Tomcat started on port 7878 (http) with context path '' 
2024-02-22 00:24:29.993  INFO 1 - [       main] c.epam.healenium.Application     : Started Application in 10.092 seconds (process running for 11.222) 
2024-02-22 00:24:54.823  INFO 1 - [7878-exec-1] o.a.c.c.C.[.[localhost].[/]      : Initializing Spring DispatcherServlet 'dispatcherServlet' 
2024-02-22 00:24:54.824  INFO 1 - [7878-exec-1] o.s.w.s.DispatcherServlet        : Initializing Servlet 'dispatcherServlet' 
2024-02-22 00:24:54.826  INFO 1 - [7878-exec-1] o.s.w.s.DispatcherServlet        : Completed initialization in 2 ms 
2024-02-22 00:24:57.359  INFO 1 - [7878-exec-3] healenium                        : [Save Elements] Request: By.id(com.example.misionticsemana1:id/relative_radioMasculino) 
2024-02-22 00:24:57.360  WARN 1 - [7878-exec-3] healenium                        : [Save Elements] SessionContext or RemoteWebDriver not found from cache. 
2024-02-22 00:52:25.725  INFO 1 - [7878-exec-7] healenium                        : [Save Elements] Request: By.id(com.example.misionticsemana1:id/relative_radioMasculino) 
2024-02-22 00:52:25.727  WARN 1 - [7878-exec-7] healenium                        : [Save Elements] SessionContext or RemoteWebDriver not found from cache. 
2024-02-22 01:04:52.688  INFO 1 - [7878-exec-6] healenium                        : [Save Elements] Request: By.id(com.example.misionticsemana1:id/relative_radioMasculino) 
2024-02-22 01:04:52.690  WARN 1 - [7878-exec-6] healenium                        : [Save Elements] SessionContext or RemoteWebDriver not found from cache. 
